19720:C 05 Mar 2026 13:37:27.622 * oO0OoO0OoO0Oo Redis is starting oO0OoO0OoO0Oo
19720:C 05 Mar 2026 13:37:27.622 * Redis version=8.6.1, bits=64, commit=00000000, modified=1, pid=19720, just started
19720:C 05 Mar 2026 13:37:27.622 # Warning: no config file specified, using the default config. In order to specify a config file use redis-server /path/to/redis.conf
19720:M 05 Mar 2026 13:37:27.623 * monotonic clock: ARM CNTVCT @ 24 ticks/us
19720:M 05 Mar 2026 13:37:27.623 * Running mode=standalone, port=6379.
19720:M 05 Mar 2026 13:37:27.623 # WARNING: The TCP backlog setting of 511 cannot be enforced because kern.ipc.somaxconn is set to the lower value of 128.
19720:M 05 Mar 2026 13:37:27.624 * Server initialized
19720:M 05 Mar 2026 13:37:27.624 * Loading RDB produced by version 8.6.1
19720:M 05 Mar 2026 13:37:27.624 * RDB age 16 seconds
19720:M 05 Mar 2026 13:37:27.624 * RDB memory usage when created 1.45 Mb
19720:M 05 Mar 2026 13:37:27.624 * Done loading RDB, keys loaded: 142, keys expired: 0.
19720:M 05 Mar 2026 13:37:27.624 * DB loaded from disk: 0.000 seconds
19720:M 05 Mar 2026 13:37:27.624 * Ready to accept connections tcp
19720:M 05 Mar 2026 13:37:27.624 # WARNING: Redis does not require authentication. Redis will accept connections from any local client.
19720:signal-handler (1772698065) Received SIGINT scheduling shutdown...
19720:M 05 Mar 2026 13:37:45.196 * User requested shutdown...
19720:signal-handler (1772698065) Received SIGTERM scheduling shutdown...
19720:M 05 Mar 2026 13:37:45.197 * Saving the final RDB snapshot before exiting.
19720:M 05 Mar 2026 13:37:45.199 * BGSAVE done, 143 keys saved, 0 keys skipped, 33377 bytes written.
19720:M 05 Mar 2026 13:37:45.209 * DB saved on disk
19720:M 05 Mar 2026 13:37:45.209 # Redis is now ready to exit, bye bye...
